Flow report for lab8
Sat Apr 30 16:16:03 2016
Quartus Prime Version 15.1.0 Build 185 10/21/2015 SJ Lite Edition


---------------------
; Table of Contents ;
---------------------
  1. Legal Notice
  2. Flow Summary
  3. Flow Settings
  4. Flow Non-Default Global Settings
  5. Flow Elapsed Time
  6. Flow OS Summary
  7. Flow Log
  8. Flow Messages
  9. Flow Suppressed Messages



----------------
; Legal Notice ;
----------------
Copyright (C) 1991-2015 Altera Corporation. All rights reserved.
Your use of Altera Corporation's design tools, logic functions 
and other software and tools, and its AMPP partner logic 
functions, and any output files from any of the foregoing 
(including device programming or simulation files), and any 
associated documentation or information are expressly subject 
to the terms and conditions of the Altera Program License 
Subscription Agreement, the Altera Quartus Prime License Agreement,
the Altera MegaCore Function License Agreement, or other 
applicable license agreement, including, without limitation, 
that your use is for the sole purpose of programming logic 
devices manufactured by Altera and sold by Altera or its 
authorized distributors.  Please refer to the applicable 
agreement for further details.



+-------------------------------------------------------------------------------------------+
; Flow Summary                                                                              ;
+------------------------------------+------------------------------------------------------+
; Flow Status                        ; EDA Netlist Writer Failed - Sat Apr 30 16:16:03 2016 ;
; Quartus Prime Version              ; 15.1.0 Build 185 10/21/2015 SJ Lite Edition          ;
; Revision Name                      ; lab8                                                 ;
; Top-level Entity Name              ; final_project                                        ;
; Family                             ; Cyclone IV E                                         ;
; Device                             ; EP4CE115F29C7                                        ;
; Timing Models                      ; Final                                                ;
; Total logic elements               ; 7,307 / 114,480 ( 6 % )                              ;
;     Total combinational functions  ; 6,609 / 114,480 ( 6 % )                              ;
;     Dedicated logic registers      ; 3,764 / 114,480 ( 3 % )                              ;
; Total registers                    ; 3883                                                 ;
; Total pins                         ; 234 / 529 ( 44 % )                                   ;
; Total virtual pins                 ; 0                                                    ;
; Total memory bits                  ; 1,165,184 / 3,981,312 ( 29 % )                       ;
; Embedded Multiplier 9-bit elements ; 4 / 532 ( < 1 % )                                    ;
; Total PLLs                         ; 2 / 4 ( 50 % )                                       ;
+------------------------------------+------------------------------------------------------+


+-----------------------------------------+
; Flow Settings                           ;
+-------------------+---------------------+
; Option            ; Setting             ;
+-------------------+---------------------+
; Start date & time ; 04/30/2016 16:12:07 ;
; Main task         ; Compilation         ;
; Revision Name     ; lab8                ;
+-------------------+---------------------+


+--------------------------------------------------------------------------------------------------------------------------------------------------------+
; Flow Non-Default Global Settings                                                                                                                       ;
+-------------------------------------+---------------------------------------------------------------+---------------+-----------------+----------------+
; Assignment Name                     ; Value                                                         ; Default Value ; Entity Name     ; Section Id     ;
+-------------------------------------+---------------------------------------------------------------+---------------+-----------------+----------------+
; COMPILER_SIGNATURE_ID               ; 121374242159.146205432700500                                  ; --            ; --              ; --             ;
; EDA_OUTPUT_DATA_FORMAT              ; Vhdl                                                          ; --            ; --              ; eda_simulation ;
; EDA_SIMULATION_TOOL                 ; ModelSim-Altera (VHDL)                                        ; <None>        ; --              ; --             ;
; MAX_CORE_JUNCTION_TEMP              ; 85                                                            ; --            ; --              ; --             ;
; MIN_CORE_JUNCTION_TEMP              ; 0                                                             ; --            ; --              ; --             ;
; MISC_FILE                           ; nios_system/synthesis/../nios_system.cmp                      ; --            ; --              ; --             ;
; MISC_FILE                           ; nios_system/synthesis/../../nios_system.qsys                  ; --            ; --              ; --             ;
; PARTITION_COLOR                     ; 16764057                                                      ; --            ; DE2_115_Default ; Top            ;
; PARTITION_COLOR                     ; 16764057                                                      ; --            ; final_project   ; Top            ;
; PARTITION_FITTER_PRESERVATION_LEVEL ; PLACEMENT_AND_ROUTING                                         ; --            ; DE2_115_Default ; Top            ;
; PARTITION_FITTER_PRESERVATION_LEVEL ; PLACEMENT_AND_ROUTING                                         ; --            ; final_project   ; Top            ;
; PARTITION_NETLIST_TYPE              ; SOURCE                                                        ; --            ; DE2_115_Default ; Top            ;
; PARTITION_NETLIST_TYPE              ; SOURCE                                                        ; --            ; final_project   ; Top            ;
; POWER_BOARD_THERMAL_MODEL           ; None (CONSERVATIVE)                                           ; --            ; --              ; --             ;
; POWER_PRESET_COOLING_SOLUTION       ; 23 MM HEAT SINK WITH 200 LFPM AIRFLOW                         ; --            ; --              ; --             ;
; SLD_FILE                            ; nios_system/synthesis/nios_system.regmap                      ; --            ; --              ; --             ;
; SLD_FILE                            ; nios_system/synthesis/nios_system.debuginfo                   ; --            ; --              ; --             ;
; SLD_INFO                            ; QSYS_NAME nios_system HAS_SOPCINFO 1 GENERATION_ID 1461888814 ; --            ; nios_system     ; --             ;
; SOPCINFO_FILE                       ; nios_system/synthesis/../../nios_system.sopcinfo              ; --            ; --              ; --             ;
; SYNTHESIS_ONLY_QIP                  ; On                                                            ; --            ; --              ; --             ;
; TOP_LEVEL_ENTITY                    ; final_project                                                 ; lab8          ; --              ; --             ;
+-------------------------------------+---------------------------------------------------------------+---------------+-----------------+----------------+


+-------------------------------------------------------------------------------------------------------------------------------+
; Flow Elapsed Time                                                                                                             ;
+---------------------------+--------------+-------------------------+---------------------+------------------------------------+
; Module Name               ; Elapsed Time ; Average Processors Used ; Peak Virtual Memory ; Total CPU Time (on all processors) ;
+---------------------------+--------------+-------------------------+---------------------+------------------------------------+
; Analysis & Synthesis      ; 00:01:53     ; 1.0                     ; 1105 MB             ; 00:02:13                           ;
; Fitter                    ; 00:01:14     ; 1.1                     ; 1964 MB             ; 00:01:51                           ;
; Assembler                 ; 00:00:07     ; 1.0                     ; 800 MB              ; 00:00:07                           ;
; TimeQuest Timing Analyzer ; 00:00:10     ; 1.6                     ; 1053 MB             ; 00:00:10                           ;
; EDA Netlist Writer        ; 00:00:02     ; 1.0                     ; 797 MB              ; 00:00:02                           ;
; Total                     ; 00:03:26     ; --                      ; --                  ; 00:04:23                           ;
+---------------------------+--------------+-------------------------+---------------------+------------------------------------+


+----------------------------------------------------------------------------------------+
; Flow OS Summary                                                                        ;
+---------------------------+------------------+-----------+------------+----------------+
; Module Name               ; Machine Hostname ; OS Name   ; OS Version ; Processor type ;
+---------------------------+------------------+-----------+------------+----------------+
; Analysis & Synthesis      ; adev-PC          ; Windows 8 ; 6.2        ; x86_64         ;
; Fitter                    ; adev-PC          ; Windows 8 ; 6.2        ; x86_64         ;
; Assembler                 ; adev-PC          ; Windows 8 ; 6.2        ; x86_64         ;
; TimeQuest Timing Analyzer ; adev-PC          ; Windows 8 ; 6.2        ; x86_64         ;
; EDA Netlist Writer        ; adev-PC          ; Windows 8 ; 6.2        ; x86_64         ;
+---------------------------+------------------+-----------+------------+----------------+


------------
; Flow Log ;
------------
quartus_map --read_settings_files=on --write_settings_files=off lab8 -c lab8
quartus_fit --read_settings_files=off --write_settings_files=off lab8 -c lab8
quartus_asm --read_settings_files=off --write_settings_files=off lab8 -c lab8
quartus_sta lab8 -c lab8
quartus_eda --read_settings_files=off --write_settings_files=off lab8 -c lab8



