Info: Starting: Create block symbol file (.bsf)
Info: ip-generate --project-directory=C:/Lab8_provided/ --output-directory=C:/Lab8_provided/nios_system/ --report-file=bsf:C:/Lab8_provided/nios_system.bsf --system-info=DEVICE_FAMILY="Cyclone IV E" --system-info=DEVICE=EP4CE115F29C7 --system-info=DEVICE_SPEEDGRADE=7 --component-file=C:/Lab8_provided/nios_system.qsys
Progress: Loading Lab8_provided/nios_system.qsys
Progress: Reading input file
Progress: Adding clk_0 [clock_source 13.0]
Progress: Parameterizing module clk_0
Progress: Adding nios2_processor [altera_nios2_qsys 13.0]
Progress: Parameterizing module nios2_processor
Progress: Adding onchip_memory [altera_avalon_onchip_memory2 13.0.1.99.2]
Progress: Parameterizing module onchip_memory
Progress: Adding switches [altera_avalon_pio 13.0.1.99.2]
Progress: Parameterizing module switches
Progress: Adding leds [altera_avalon_pio 13.0.1.99.2]
Progress: Parameterizing module leds
Progress: Adding jtag_uart [altera_avalon_jtag_uart 13.0.1.99.2]
Progress: Parameterizing module jtag_uart
Progress: Adding sdram [altera_avalon_new_sdram_controller 13.0.1.99.2]
Progress: Parameterizing module sdram
Progress: Adding clocks [altera_up_clocks 13.0]
Progress: Parameterizing module clocks
Progress: Adding pixel_buffer [altera_up_avalon_sram 13.0]
Progress: Parameterizing module pixel_buffer
Progress: Adding pixel_buffer_dma [altera_up_avalon_video_pixel_buffer_dma 13.0]
Progress: Parameterizing module pixel_buffer_dma
Progress: Adding rgb_resampler [altera_up_avalon_video_rgb_resampler 13.0]
Progress: Parameterizing module rgb_resampler
Progress: Adding scaler [altera_up_avalon_video_scaler 13.0]
Progress: Parameterizing module scaler
Progress: Adding video_fifo [altera_up_avalon_video_dual_clock_buffer 13.0]
Progress: Parameterizing module video_fifo
Progress: Adding vga_controller [altera_up_avalon_video_vga_controller 13.0]
Progress: Parameterizing module vga_controller
Progress: Adding char_drawer [altera_up_avalon_video_character_buffer_with_dma 13.0]
Progress: Parameterizing module char_drawer
Progress: Adding alpha_blender [altera_up_avalon_video_alpha_blender 13.0]
Progress: Parameterizing module alpha_blender
Progress: Adding buttons [altera_up_avalon_parallel_port 13.0]
Progress: Parameterizing module buttons
Progress: Adding sys_clk [altera_avalon_timer 13.0.1.99.2]
Progress: Parameterizing module sys_clk
Progress: Adding timestamp_clk [altera_avalon_timer 13.0.1.99.2]
Progress: Parameterizing module timestamp_clk
Progress: Adding hw_only_clk [altera_avalon_timer 13.0.1.99.2]
Progress: Parameterizing module hw_only_clk
Progress: Adding clk_1 [clock_source 13.0]
Progress: Parameterizing module clk_1
Progress: Building connections
Progress: Parameterizing connections
Progress: Validating
Progress: Done reading input file
Warning: nios_system.nios2_processor: The address range of the slaves connected to the Nios II instruction masters exceeds 28 bits. Attempts to call functions across 28-bit boundaries is not supported by GCC and will result in linker errors.
Info: nios_system.switches: PIO inputs are not hardwired in test bench. Undefined values will be read from PIO inputs during simulation.
Info: nios_system.rgb_resampler: RGB Resampling: 16 (bits) x 1 (planes) -> 10 (bits) x 3 (planes)
Info: nios_system.scaler: Change in Resolution: 320 x 240 -> 640 x 480
Info: nios_system.vga_controller: Video Output Stream: Format: 640 x 480 with Color: 10 (bits) x 3 (planes)
Info: nios_system.char_drawer: Character Resolution: 80 x 60
Info: ip-generate succeeded.
Info: Finished: Create block symbol file (.bsf)
Info: 
Info: Starting: Create HDL design files for synthesis
Info: ip-generate --project-directory=C:/Lab8_provided/ --output-directory=C:/Lab8_provided/nios_system/synthesis/ --file-set=QUARTUS_SYNTH --report-file=sopcinfo:C:/Lab8_provided/nios_system.sopcinfo --report-file=html:C:/Lab8_provided/nios_system.html --report-file=qip:C:/Lab8_provided/nios_system/synthesis/nios_system.qip --report-file=cmp:C:/Lab8_provided/nios_system.cmp --report-file=svd --system-info=DEVICE_FAMILY="Cyclone IV E" --system-info=DEVICE=EP4CE115F29C7 --system-info=DEVICE_SPEEDGRADE=7 --component-file=C:/Lab8_provided/nios_system.qsys --language=VERILOG
Progress: Loading Lab8_provided/nios_system.qsys
Progress: Reading input file
Progress: Adding clk_0 [clock_source 13.0]
Progress: Parameterizing module clk_0
Progress: Adding nios2_processor [altera_nios2_qsys 13.0]
Progress: Parameterizing module nios2_processor
Progress: Adding onchip_memory [altera_avalon_onchip_memory2 13.0.1.99.2]
Progress: Parameterizing module onchip_memory
Progress: Adding switches [altera_avalon_pio 13.0.1.99.2]
Progress: Parameterizing module switches
Progress: Adding leds [altera_avalon_pio 13.0.1.99.2]
Progress: Parameterizing module leds
Progress: Adding jtag_uart [altera_avalon_jtag_uart 13.0.1.99.2]
Progress: Parameterizing module jtag_uart
Progress: Adding sdram [altera_avalon_new_sdram_controller 13.0.1.99.2]
Progress: Parameterizing module sdram
Progress: Adding clocks [altera_up_clocks 13.0]
Progress: Parameterizing module clocks
Progress: Adding pixel_buffer [altera_up_avalon_sram 13.0]
Progress: Parameterizing module pixel_buffer
Progress: Adding pixel_buffer_dma [altera_up_avalon_video_pixel_buffer_dma 13.0]
Progress: Parameterizing module pixel_buffer_dma
Progress: Adding rgb_resampler [altera_up_avalon_video_rgb_resampler 13.0]
Progress: Parameterizing module rgb_resampler
Progress: Adding scaler [altera_up_avalon_video_scaler 13.0]
Progress: Parameterizing module scaler
Progress: Adding video_fifo [altera_up_avalon_video_dual_clock_buffer 13.0]
Progress: Parameterizing module video_fifo
Progress: Adding vga_controller [altera_up_avalon_video_vga_controller 13.0]
Progress: Parameterizing module vga_controller
Progress: Adding char_drawer [altera_up_avalon_video_character_buffer_with_dma 13.0]
Progress: Parameterizing module char_drawer
Progress: Adding alpha_blender [altera_up_avalon_video_alpha_blender 13.0]
Progress: Parameterizing module alpha_blender
Progress: Adding buttons [altera_up_avalon_parallel_port 13.0]
Progress: Parameterizing module buttons
Progress: Adding sys_clk [altera_avalon_timer 13.0.1.99.2]
Progress: Parameterizing module sys_clk
Progress: Adding timestamp_clk [altera_avalon_timer 13.0.1.99.2]
Progress: Parameterizing module timestamp_clk
Progress: Adding hw_only_clk [altera_avalon_timer 13.0.1.99.2]
Progress: Parameterizing module hw_only_clk
Progress: Adding clk_1 [clock_source 13.0]
Progress: Parameterizing module clk_1
Progress: Building connections
Progress: Parameterizing connections
Progress: Validating
Progress: Done reading input file
Warning: nios_system.nios2_processor: The address range of the slaves connected to the Nios II instruction masters exceeds 28 bits. Attempts to call functions across 28-bit boundaries is not supported by GCC and will result in linker errors.
Info: nios_system.switches: PIO inputs are not hardwired in test bench. Undefined values will be read from PIO inputs during simulation.
Info: nios_system.rgb_resampler: RGB Resampling: 16 (bits) x 1 (planes) -> 10 (bits) x 3 (planes)
Info: nios_system.scaler: Change in Resolution: 320 x 240 -> 640 x 480
Info: nios_system.vga_controller: Video Output Stream: Format: 640 x 480 with Color: 10 (bits) x 3 (planes)
Info: nios_system.char_drawer: Character Resolution: 80 x 60
Info: nios_system: Generating nios_system "nios_system" for QUARTUS_SYNTH
Info: pipeline_bridge_swap_transform: After transform: 21 modules, 89 connections
Info: No custom instruction connections, skipping transform 
Info: merlin_translator_transform: After transform: 38 modules, 157 connections
Info: merlin_domain_transform: After transform: 72 modules, 384 connections
Info: merlin_router_transform: After transform: 89 modules, 452 connections
Info: merlin_traffic_limiter_transform: After transform: 91 modules, 462 connections
Info: merlin_burst_transform: After transform: 93 modules, 470 connections
Info: reset_adaptation_transform: After transform: 96 modules, 371 connections
Info: merlin_network_to_switch_transform: After transform: 129 modules, 441 connections
Info: merlin_width_transform: After transform: 133 modules, 453 connections
Info: Inserting clock-crossing logic between cmd_xbar_demux_001.src10 and cmd_xbar_mux_010.sink0
Info: Inserting clock-crossing logic between rsp_xbar_demux_010.src0 and rsp_xbar_mux_001.sink10
Info: com_altera_sopcmodel_transforms_avalon_ClockCrossingTransform: After transform: 135 modules, 463 connections
Info: limiter_update_transform: After transform: 135 modules, 465 connections
Info: merlin_mm_transform: After transform: 135 modules, 465 connections
Info: merlin_interrupt_mapper_transform: After transform: 136 modules, 468 connections
Warning: nios_system: "No matching role found for rst_controller:reset_out:reset_req (reset_req)"
Warning: nios_system: "No matching role found for rst_controller:reset_out:reset_req (reset_req)"
Warning: nios_system: "No matching role found for rst_controller:reset_out:reset_req (reset_req)"
Warning: nios_system: "No matching role found for rst_controller:reset_out:reset_req (reset_req)"
Warning: nios_system: "No matching role found for rst_controller:reset_out:reset_req (reset_req)"
Warning: nios_system: "No matching role found for rst_controller:reset_out:reset_req (reset_req)"
Warning: nios_system: "No matching role found for rst_controller:reset_out:reset_req (reset_req)"
Warning: nios_system: "No matching role found for rst_controller:reset_out:reset_req (reset_req)"
Warning: nios_system: "No matching role found for rst_controller:reset_out:reset_req (reset_req)"
Warning: nios_system: "No matching role found for rst_controller:reset_out:reset_req (reset_req)"
Warning: nios_system: "No matching role found for rst_controller:reset_out:reset_req (reset_req)"
Warning: nios_system: "No matching role found for rst_controller:reset_out:reset_req (reset_req)"
Warning: nios_system: "No matching role found for rst_controller:reset_out:reset_req (reset_req)"
Warning: nios_system: "No matching role found for rst_controller:reset_out:reset_req (reset_req)"
Warning: nios_system: "No matching role found for rst_controller:reset_out:reset_req (reset_req)"
Warning: nios_system: "No matching role found for rst_controller:reset_out:reset_req (reset_req)"
Warning: nios_system: "No matching role found for rst_controller:reset_out:reset_req (reset_req)"
Warning: nios_system: "No matching role found for rst_controller:reset_out:reset_req (reset_req)"
Warning: nios_system: "No matching role found for rst_controller:reset_out:reset_req (reset_req)"
Warning: nios_system: "No matching role found for rst_controller:reset_out:reset_req (reset_req)"
Warning: nios_system: "No matching role found for rst_controller:reset_out:reset_req (reset_req)"
Warning: nios_system: "No matching role found for rst_controller:reset_out:reset_req (reset_req)"
Warning: nios_system: "No matching role found for rst_controller:reset_out:reset_req (reset_req)"
Warning: nios_system: "No matching role found for rst_controller:reset_out:reset_req (reset_req)"
Warning: nios_system: "No matching role found for rst_controller:reset_out:reset_req (reset_req)"
Warning: nios_system: "No matching role found for rst_controller:reset_out:reset_req (reset_req)"
Warning: nios_system: "No matching role found for rst_controller:reset_out:reset_req (reset_req)"
Warning: nios_system: "No matching role found for rst_controller:reset_out:reset_req (reset_req)"
Warning: nios_system: "No matching role found for rst_controller:reset_out:reset_req (reset_req)"
Warning: nios_system: "No matching role found for rst_controller:reset_out:reset_req (reset_req)"
Warning: nios_system: "No matching role found for rst_controller:reset_out:reset_req (reset_req)"
Warning: nios_system: "No matching role found for rst_controller:reset_out:reset_req (reset_req)"
Warning: nios_system: "No matching role found for rst_controller:reset_out:reset_req (reset_req)"
Warning: nios_system: "No matching role found for rst_controller:reset_out:reset_req (reset_req)"
Warning: nios_system: "No matching role found for rst_controller:reset_out:reset_req (reset_req)"
Warning: nios_system: "No matching role found for rst_controller:reset_out:reset_req (reset_req)"
Warning: nios_system: "No matching role found for rst_controller:reset_out:reset_req (reset_req)"
Warning: nios_system: "No matching role found for rst_controller:reset_out:reset_req (reset_req)"
Warning: nios_system: "No matching role found for rst_controller:reset_out:reset_req (reset_req)"
Warning: nios_system: "No matching role found for rst_controller:reset_out:reset_req (reset_req)"
Warning: nios_system: "No matching role found for rst_controller:reset_out:reset_req (reset_req)"
Warning: nios_system: "No matching role found for rst_controller:reset_out:reset_req (reset_req)"
Warning: nios_system: "No matching role found for rst_controller:reset_out:reset_req (reset_req)"
Warning: nios_system: "No matching role found for rst_controller:reset_out:reset_req (reset_req)"
Warning: nios_system: "No matching role found for rst_controller:reset_out:reset_req (reset_req)"
Warning: nios_system: "No matching role found for rst_controller:reset_out:reset_req (reset_req)"
Warning: nios_system: "No matching role found for rst_controller:reset_out:reset_req (reset_req)"
Warning: nios_system: "No matching role found for rst_controller:reset_out:reset_req (reset_req)"
Warning: nios_system: "No matching role found for rst_controller:reset_out:reset_req (reset_req)"
Warning: nios_system: "No matching role found for rst_controller:reset_out:reset_req (reset_req)"
Warning: nios_system: "No matching role found for rst_controller:reset_out:reset_req (reset_req)"
Warning: nios_system: "No matching role found for rst_controller:reset_out:reset_req (reset_req)"
Warning: nios_system: "No matching role found for rst_controller:reset_out:reset_req (reset_req)"
Warning: nios_system: "No matching role found for rst_controller:reset_out:reset_req (reset_req)"
Warning: nios_system: "No matching role found for rst_controller:reset_out:reset_req (reset_req)"
Warning: nios_system: "No matching role found for rst_controller:reset_out:reset_req (reset_req)"
Warning: nios_system: "No matching role found for rst_controller:reset_out:reset_req (reset_req)"
Warning: nios_system: "No matching role found for rst_controller:reset_out:reset_req (reset_req)"
Warning: nios_system: "No matching role found for rst_controller:reset_out:reset_req (reset_req)"
Warning: nios_system: "No matching role found for rst_controller:reset_out:reset_req (reset_req)"
Warning: nios_system: "No matching role found for rst_controller:reset_out:reset_req (reset_req)"
Warning: nios_system: "No matching role found for rst_controller:reset_out:reset_req (reset_req)"
Warning: nios_system: "No matching role found for rst_controller:reset_out:reset_req (reset_req)"
Warning: nios_system: "No matching role found for rst_controller:reset_out:reset_req (reset_req)"
Warning: nios_system: "No matching role found for rst_controller:reset_out:reset_req (reset_req)"
Warning: nios_system: "No matching role found for rst_controller:reset_out:reset_req (reset_req)"
Warning: nios_system: "No matching role found for rst_controller:reset_out:reset_req (reset_req)"
Warning: nios_system: "No matching role found for rst_controller:reset_out:reset_req (reset_req)"
Warning: nios_system: "No matching role found for rst_controller:reset_out:reset_req (reset_req)"
Warning: nios_system: "No matching role found for rst_controller:reset_out:reset_req (reset_req)"
Warning: nios_system: "No matching role found for rst_controller:reset_out:reset_req (reset_req)"
Warning: nios_system: "No matching role found for rst_controller:reset_out:reset_req (reset_req)"
Warning: nios_system: "No matching role found for rst_controller:reset_out:reset_req (reset_req)"
Warning: nios_system: "No matching role found for rst_controller:reset_out:reset_req (reset_req)"
Warning: nios_system: "No matching role found for rst_controller:reset_out:reset_req (reset_req)"
Warning: nios_system: "No matching role found for rst_controller:reset_out:reset_req (reset_req)"
Warning: nios_system: "No matching role found for rst_controller:reset_out:reset_req (reset_req)"
Warning: nios_system: "No matching role found for rst_controller:reset_out:reset_req (reset_req)"
Warning: nios_system: "No matching role found for rst_controller:reset_out:reset_req (reset_req)"
Warning: nios_system: "No matching role found for rst_controller:reset_out:reset_req (reset_req)"
Warning: nios_system: "No matching role found for rst_controller:reset_out:reset_req (reset_req)"
Warning: nios_system: "No matching role found for rst_controller:reset_out:reset_req (reset_req)"
Warning: nios_system: "No matching role found for rst_controller:reset_out:reset_req (reset_req)"
Warning: nios_system: "No matching role found for rst_controller:reset_out:reset_req (reset_req)"
Warning: nios_system: "No matching role found for rst_controller:reset_out:reset_req (reset_req)"
Warning: nios_system: "No matching role found for rst_controller:reset_out:reset_req (reset_req)"
Warning: nios_system: "No matching role found for rst_controller:reset_out:reset_req (reset_req)"
Warning: nios_system: "No matching role found for rst_controller:reset_out:reset_req (reset_req)"
Warning: nios_system: "No matching role found for rst_controller:reset_out:reset_req (reset_req)"
Warning: nios_system: "No matching role found for rst_controller:reset_out:reset_req (reset_req)"
Warning: nios_system: "No matching role found for rst_controller:reset_out:reset_req (reset_req)"
Warning: nios_system: "No matching role found for rst_controller:reset_out:reset_req (reset_req)"
Warning: nios_system: "No matching role found for rst_controller:reset_out:reset_req (reset_req)"
Warning: nios_system: "No matching role found for rst_controller:reset_out:reset_req (reset_req)"
Warning: nios_system: "No matching role found for rst_controller:reset_out:reset_req (reset_req)"
Warning: nios_system: "No matching role found for rst_controller:reset_out:reset_req (reset_req)"
Warning: nios_system: "No matching role found for rst_controller:reset_out:reset_req (reset_req)"
Warning: nios_system: "No matching role found for rst_controller:reset_out:reset_req (reset_req)"
Warning: nios_system: "No matching role found for rst_controller:reset_out:reset_req (reset_req)"
Warning: nios_system: "No matching role found for rst_controller:reset_out:reset_req (reset_req)"
Warning: nios_system: "No matching role found for rst_controller:reset_out:reset_req (reset_req)"
Warning: nios_system: "No matching role found for rst_controller:reset_out:reset_req (reset_req)"
Warning: nios_system: "No matching role found for rst_controller:reset_out:reset_req (reset_req)"
Warning: nios_system: "No matching role found for rst_controller:reset_out:reset_req (reset_req)"
Warning: nios_system: "No matching role found for rst_controller:reset_out:reset_req (reset_req)"
Warning: nios_system: "No matching role found for rst_controller:reset_out:reset_req (reset_req)"
Warning: nios_system: "No matching role found for rst_controller:reset_out:reset_req (reset_req)"
Warning: nios_system: "No matching role found for rst_controller:reset_out:reset_req (reset_req)"
Warning: nios_system: "No matching role found for rst_controller:reset_out:reset_req (reset_req)"
Warning: nios_system: "No matching role found for rst_controller:reset_out:reset_req (reset_req)"
Warning: nios_system: "No matching role found for rst_controller:reset_out:reset_req (reset_req)"
Warning: nios_system: "No matching role found for rst_controller:reset_out:reset_req (reset_req)"
Warning: nios_system: "No matching role found for rst_controller:reset_out:reset_req (reset_req)"
Warning: nios_system: "No matching role found for rst_controller:reset_out:reset_req (reset_req)"
Warning: nios_system: "No matching role found for rst_controller:reset_out:reset_req (reset_req)"
Warning: nios_system: "No matching role found for rst_controller:reset_out:reset_req (reset_req)"
Warning: nios_system: "No matching role found for rst_controller:reset_out:reset_req (reset_req)"
Warning: nios_system: "No matching role found for rst_controller:reset_out:reset_req (reset_req)"
Warning: nios_system: "No matching role found for rst_controller:reset_out:reset_req (reset_req)"
Warning: nios_system: "No matching role found for rst_controller:reset_out:reset_req (reset_req)"
Info: nios2_processor: Starting RTL generation for module 'nios_system_nios2_processor'
Info: nios2_processor:   Generation command is [exec C:/altera/13.0sp1/quartus/../ip/altera/nios2_ip/altera_nios2/eperl.exe -I C:/altera/13.0sp1/quartus/common/ip/altera/common/perl/5.8.3 -I C:/altera/13.0sp1/quartus/sopc_builder/bin/europa -I C:/altera/13.0sp1/quartus/sopc_builder/bin/perl_lib -I C:/altera/13.0sp1/quartus/sopc_builder/bin -I C:/altera/13.0sp1/quartus/../ip/altera/nios2_ip/altera_nios2/cpu_lib -I C:/altera/13.0sp1/quartus/../ip/altera/nios2_ip/altera_nios2/nios_lib -I C:/altera/13.0sp1/quartus/../ip/altera/nios2_ip/altera_nios2 -I C:/altera/13.0sp1/quartus/../ip/altera/nios2_ip/altera_nios2 -- C:/altera/13.0sp1/quartus/../ip/altera/nios2_ip/altera_nios2/generate_rtl.epl --name=nios_system_nios2_processor --dir=C:/Users/adev/AppData/Local/Temp/alt6913_4524547473544473481.dir/0046_nios2_processor_gen/ --quartus_dir=C:/altera/13.0sp1/quartus --verilog --config=C:/Users/adev/AppData/Local/Temp/alt6913_4524547473544473481.dir/0046_nios2_processor_gen//nios_system_nios2_processor_processor_configuration.pl  --do_build_sim=0    --bogus  ]
Info: nios2_processor: # 2016.04.21 18:32:14 (*) Starting Nios II generation
Info: nios2_processor: # 2016.04.21 18:32:14 (*)   Checking for plaintext license.
Info: nios2_processor: # 2016.04.21 18:32:15 (*)   Couldn't query license setup in Quartus directory C:/altera/13.0sp1/quartus
Info: nios2_processor: # 2016.04.21 18:32:15 (*)   Defaulting to contents of LM_LICENSE_FILE environment variable
Info: nios2_processor: # 2016.04.21 18:32:15 (*)   LM_LICENSE_FILE environment variable is empty
Info: nios2_processor: # 2016.04.21 18:32:15 (*)   Plaintext license not found.
Info: nios2_processor: # 2016.04.21 18:32:15 (*)   Checking for encrypted license (non-evaluation).
Info: nios2_processor: # 2016.04.21 18:32:15 (*)   Couldn't query license setup in Quartus directory C:/altera/13.0sp1/quartus
Info: nios2_processor: # 2016.04.21 18:32:15 (*)   Defaulting to contents of LM_LICENSE_FILE environment variable
Info: nios2_processor: # 2016.04.21 18:32:15 (*)   LM_LICENSE_FILE environment variable is empty
Info: nios2_processor: # 2016.04.21 18:32:15 (*)   Encrypted license not found.  Defaulting to OCP evaluation license (produces a time-limited SOF)
Info: nios2_processor: # 2016.04.21 18:32:15 (*)   Elaborating CPU configuration settings
Info: nios2_processor: # 2016.04.21 18:32:15 (*)   Creating all objects for CPU
Info: nios2_processor: # 2016.04.21 18:32:15 (*)     Testbench
Info: nios2_processor: # 2016.04.21 18:32:15 (*)     Instruction decoding
Info: nios2_processor: # 2016.04.21 18:32:15 (*)       Instruction fields
Info: nios2_processor: # 2016.04.21 18:32:15 (*)       Instruction decodes
Info: nios2_processor: # 2016.04.21 18:32:16 (*)       Signals for RTL simulation waveforms
Info: nios2_processor: # 2016.04.21 18:32:16 (*)       Instruction controls
Info: nios2_processor: # 2016.04.21 18:32:16 (*)     Pipeline frontend
Info: nios2_processor: # 2016.04.21 18:32:16 (*)     Pipeline backend
Info: nios2_processor: # 2016.04.21 18:32:19 (*)   Generating RTL from CPU objects
Info: nios2_processor: # 2016.04.21 18:32:22 (*)   Creating encrypted RTL
Info: nios2_processor: # 2016.04.21 18:32:23 (*) Done Nios II generation
Info: nios2_processor: Done RTL generation for module 'nios_system_nios2_processor'
Info: nios2_processor: "nios_system" instantiated altera_nios2_qsys "nios2_processor"
Info: onchip_memory: Starting RTL generation for module 'nios_system_onchip_memory'
Info: onchip_memory:   Generation command is [exec C:/altera/13.0sp1/quartus/bin/perl/bin/perl.exe -I C:/altera/13.0sp1/quartus/common/ip/altera/common/perl/5.8.3 -I C:/altera/13.0sp1/quartus/sopc_builder/bin/europa -I C:/altera/13.0sp1/quartus/sopc_builder/bin/perl_lib -I C:/altera/13.0sp1/quartus/sopc_builder/bin -I C:/altera/13.0sp1/quartus/../ip/altera/sopc_builder_ip/common -I C:/altera/13.0sp1/quartus/../ip/altera/sopc_builder_ip/altera_avalon_onchip_memory2 -- C:/altera/13.0sp1/quartus/../ip/altera/sopc_builder_ip/altera_avalon_onchip_memory2/generate_rtl.pl --name=nios_system_onchip_memory --dir=C:/Users/adev/AppData/Local/Temp/alt6913_4524547473544473481.dir/0047_onchip_memory_gen/ --quartus_dir=C:/altera/13.0sp1/quartus --verilog --config=C:/Users/adev/AppData/Local/Temp/alt6913_4524547473544473481.dir/0047_onchip_memory_gen//nios_system_onchip_memory_component_configuration.pl  --do_build_sim=0  ]
Info: onchip_memory: Done RTL generation for module 'nios_system_onchip_memory'
Info: onchip_memory: "nios_system" instantiated altera_avalon_onchip_memory2 "onchip_memory"
Info: switches: Starting RTL generation for module 'nios_system_switches'
Info: switches:   Generation command is [exec C:/altera/13.0sp1/quartus/bin/perl/bin/perl.exe -I C:/altera/13.0sp1/quartus/common/ip/altera/common/perl/5.8.3 -I C:/altera/13.0sp1/quartus/sopc_builder/bin/europa -I C:/altera/13.0sp1/quartus/sopc_builder/bin/perl_lib -I C:/altera/13.0sp1/quartus/sopc_builder/bin -I C:/altera/13.0sp1/quartus/../ip/altera/sopc_builder_ip/common -I C:/altera/13.0sp1/quartus/../ip/altera/sopc_builder_ip/altera_avalon_pio -- C:/altera/13.0sp1/quartus/../ip/altera/sopc_builder_ip/altera_avalon_pio/generate_rtl.pl --name=nios_system_switches --dir=C:/Users/adev/AppData/Local/Temp/alt6913_4524547473544473481.dir/0048_switches_gen/ --quartus_dir=C:/altera/13.0sp1/quartus --verilog --config=C:/Users/adev/AppData/Local/Temp/alt6913_4524547473544473481.dir/0048_switches_gen//nios_system_switches_component_configuration.pl  --do_build_sim=0  ]
Info: switches: Done RTL generation for module 'nios_system_switches'
Info: switches: "nios_system" instantiated altera_avalon_pio "switches"
Info: leds: Starting RTL generation for module 'nios_system_leds'
Info: leds:   Generation command is [exec C:/altera/13.0sp1/quartus/bin/perl/bin/perl.exe -I C:/altera/13.0sp1/quartus/common/ip/altera/common/perl/5.8.3 -I C:/altera/13.0sp1/quartus/sopc_builder/bin/europa -I C:/altera/13.0sp1/quartus/sopc_builder/bin/perl_lib -I C:/altera/13.0sp1/quartus/sopc_builder/bin -I C:/altera/13.0sp1/quartus/../ip/altera/sopc_builder_ip/common -I C:/altera/13.0sp1/quartus/../ip/altera/sopc_builder_ip/altera_avalon_pio -- C:/altera/13.0sp1/quartus/../ip/altera/sopc_builder_ip/altera_avalon_pio/generate_rtl.pl --name=nios_system_leds --dir=C:/Users/adev/AppData/Local/Temp/alt6913_4524547473544473481.dir/0049_leds_gen/ --quartus_dir=C:/altera/13.0sp1/quartus --verilog --config=C:/Users/adev/AppData/Local/Temp/alt6913_4524547473544473481.dir/0049_leds_gen//nios_system_leds_component_configuration.pl  --do_build_sim=0  ]
Info: leds: Done RTL generation for module 'nios_system_leds'
Info: leds: "nios_system" instantiated altera_avalon_pio "leds"
Info: jtag_uart: Starting RTL generation for module 'nios_system_jtag_uart'
Info: jtag_uart:   Generation command is [exec C:/altera/13.0sp1/quartus/bin/perl/bin/perl.exe -I C:/altera/13.0sp1/quartus/common/ip/altera/common/perl/5.8.3 -I C:/altera/13.0sp1/quartus/sopc_builder/bin/europa -I C:/altera/13.0sp1/quartus/sopc_builder/bin/perl_lib -I C:/altera/13.0sp1/quartus/sopc_builder/bin -I C:/altera/13.0sp1/quartus/../ip/altera/sopc_builder_ip/common -I C:/altera/13.0sp1/quartus/../ip/altera/sopc_builder_ip/altera_avalon_jtag_uart -- C:/altera/13.0sp1/quartus/../ip/altera/sopc_builder_ip/altera_avalon_jtag_uart/generate_rtl.pl --name=nios_system_jtag_uart --dir=C:/Users/adev/AppData/Local/Temp/alt6913_4524547473544473481.dir/0050_jtag_uart_gen/ --quartus_dir=C:/altera/13.0sp1/quartus --verilog --config=C:/Users/adev/AppData/Local/Temp/alt6913_4524547473544473481.dir/0050_jtag_uart_gen//nios_system_jtag_uart_component_configuration.pl  --do_build_sim=0  ]
Info: jtag_uart: Done RTL generation for module 'nios_system_jtag_uart'
Info: jtag_uart: "nios_system" instantiated altera_avalon_jtag_uart "jtag_uart"
Info: sdram: Starting RTL generation for module 'nios_system_sdram'
Info: sdram:   Generation command is [exec C:/altera/13.0sp1/quartus/bin/perl/bin/perl.exe -I C:/altera/13.0sp1/quartus/common/ip/altera/common/perl/5.8.3 -I C:/altera/13.0sp1/quartus/sopc_builder/bin/europa -I C:/altera/13.0sp1/quartus/sopc_builder/bin/perl_lib -I C:/altera/13.0sp1/quartus/sopc_builder/bin -I C:/altera/13.0sp1/quartus/../ip/altera/sopc_builder_ip/common -I C:/altera/13.0sp1/quartus/../ip/altera/sopc_builder_ip/altera_avalon_new_sdram_controller -- C:/altera/13.0sp1/quartus/../ip/altera/sopc_builder_ip/altera_avalon_new_sdram_controller/generate_rtl.pl --name=nios_system_sdram --dir=C:/Users/adev/AppData/Local/Temp/alt6913_4524547473544473481.dir/0051_sdram_gen/ --quartus_dir=C:/altera/13.0sp1/quartus --verilog --config=C:/Users/adev/AppData/Local/Temp/alt6913_4524547473544473481.dir/0051_sdram_gen//nios_system_sdram_component_configuration.pl  --do_build_sim=0  ]
Info: sdram: Done RTL generation for module 'nios_system_sdram'
Info: sdram: "nios_system" instantiated altera_avalon_new_sdram_controller "sdram"
Info: clocks: Starting Generation of Required Clocks for DE-Series Boards
Info: clocks: "nios_system" instantiated altera_up_clocks "clocks"
Info: pixel_buffer: Starting Generation of SRAM or SSRAM Controller
Info: pixel_buffer: "nios_system" instantiated altera_up_avalon_sram "pixel_buffer"
Info: pixel_buffer_dma: Starting Generation of VGA Pixel Buffer
Info: pixel_buffer_dma: "nios_system" instantiated altera_up_avalon_video_pixel_buffer_dma "pixel_buffer_dma"
Info: rgb_resampler: Starting Generation of Video RGB Resampler
Info: rgb_resampler: "nios_system" instantiated altera_up_avalon_video_rgb_resampler "rgb_resampler"
Info: scaler: Starting Generation of Video Scaler
Info: scaler: "nios_system" instantiated altera_up_avalon_video_scaler "scaler"
Info: video_fifo: Starting Generation of the Dual Clock Buffer
Info: video_fifo: "nios_system" instantiated altera_up_avalon_video_dual_clock_buffer "video_fifo"
Info: vga_controller: Starting Generation of VGA Controller
Info: vga_controller: "nios_system" instantiated altera_up_avalon_video_vga_controller "vga_controller"
Info: char_drawer: Starting Generation of Character Buffer
Info: char_drawer: "nios_system" instantiated altera_up_avalon_video_character_buffer_with_dma "char_drawer"
Info: alpha_blender: Starting Generation of the Alpha Blender
Info: alpha_blender: "nios_system" instantiated altera_up_avalon_video_alpha_blender "alpha_blender"
Info: buttons: Starting Generation of Parallel Port
Info: buttons: "nios_system" instantiated altera_up_avalon_parallel_port "buttons"
Info: sys_clk: Starting RTL generation for module 'nios_system_sys_clk'
Info: sys_clk:   Generation command is [exec C:/altera/13.0sp1/quartus/bin/perl/bin/perl.exe -I C:/altera/13.0sp1/quartus/common/ip/altera/common/perl/5.8.3 -I C:/altera/13.0sp1/quartus/sopc_builder/bin/europa -I C:/altera/13.0sp1/quartus/sopc_builder/bin/perl_lib -I C:/altera/13.0sp1/quartus/sopc_builder/bin -I C:/altera/13.0sp1/quartus/../ip/altera/sopc_builder_ip/common -I C:/altera/13.0sp1/quartus/../ip/altera/sopc_builder_ip/altera_avalon_timer -- C:/altera/13.0sp1/quartus/../ip/altera/sopc_builder_ip/altera_avalon_timer/generate_rtl.pl --name=nios_system_sys_clk --dir=C:/Users/adev/AppData/Local/Temp/alt6913_4524547473544473481.dir/0062_sys_clk_gen/ --quartus_dir=C:/altera/13.0sp1/quartus --verilog --config=C:/Users/adev/AppData/Local/Temp/alt6913_4524547473544473481.dir/0062_sys_clk_gen//nios_system_sys_clk_component_configuration.pl  --do_build_sim=0  ]
Info: sys_clk: Done RTL generation for module 'nios_system_sys_clk'
Info: sys_clk: "nios_system" instantiated altera_avalon_timer "sys_clk"
Info: nios2_processor_instruction_master_translator: "nios_system" instantiated altera_merlin_master_translator "nios2_processor_instruction_master_translator"
Info: nios2_processor_jtag_debug_module_translator: "nios_system" instantiated altera_merlin_slave_translator "nios2_processor_jtag_debug_module_translator"
Info: nios2_processor_instruction_master_translator_avalon_universal_master_0_agent: "nios_system" instantiated altera_merlin_master_agent "nios2_processor_instruction_master_translator_avalon_universal_master_0_agent"
Info: nios2_processor_jtag_debug_module_translator_avalon_universal_slave_0_agent: "nios_system" instantiated altera_merlin_slave_agent "nios2_processor_jtag_debug_module_translator_avalon_universal_slave_0_agent"
Info: nios2_processor_jtag_debug_module_translator_avalon_universal_slave_0_agent_rsp_fifo: "nios_system" instantiated altera_avalon_sc_fifo "nios2_processor_jtag_debug_module_translator_avalon_universal_slave_0_agent_rsp_fifo"
Info: addr_router: "nios_system" instantiated altera_merlin_router "addr_router"
Info: addr_router_001: "nios_system" instantiated altera_merlin_router "addr_router_001"
Info: addr_router_002: "nios_system" instantiated altera_merlin_router "addr_router_002"
Info: id_router: "nios_system" instantiated altera_merlin_router "id_router"
Info: id_router_003: "nios_system" instantiated altera_merlin_router "id_router_003"
Info: id_router_006: "nios_system" instantiated altera_merlin_router "id_router_006"
Info: id_router_009: "nios_system" instantiated altera_merlin_router "id_router_009"
Info: limiter: "nios_system" instantiated altera_merlin_traffic_limiter "limiter"
Info: burst_adapter: "nios_system" instantiated altera_merlin_burst_adapter "burst_adapter"
Info: rst_controller: "nios_system" instantiated altera_reset_controller "rst_controller"
Info: cmd_xbar_demux: "nios_system" instantiated altera_merlin_demultiplexer "cmd_xbar_demux"
Info: cmd_xbar_demux_001: "nios_system" instantiated altera_merlin_demultiplexer "cmd_xbar_demux_001"
Info: cmd_xbar_demux_002: "nios_system" instantiated altera_merlin_demultiplexer "cmd_xbar_demux_002"
Info: cmd_xbar_mux: "nios_system" instantiated altera_merlin_multiplexer "cmd_xbar_mux"
Info: cmd_xbar_mux_006: "nios_system" instantiated altera_merlin_multiplexer "cmd_xbar_mux_006"
Info: Reusing file C:/Lab8_provided/nios_system/synthesis/submodules/altera_merlin_arbitrator.sv
Info: rsp_xbar_demux: "nios_system" instantiated altera_merlin_demultiplexer "rsp_xbar_demux"
Info: rsp_xbar_demux_003: "nios_system" instantiated altera_merlin_demultiplexer "rsp_xbar_demux_003"
Info: rsp_xbar_demux_006: "nios_system" instantiated altera_merlin_demultiplexer "rsp_xbar_demux_006"
Info: rsp_xbar_demux_009: "nios_system" instantiated altera_merlin_demultiplexer "rsp_xbar_demux_009"
Info: rsp_xbar_mux: "nios_system" instantiated altera_merlin_multiplexer "rsp_xbar_mux"
Info: Reusing file C:/Lab8_provided/nios_system/synthesis/submodules/altera_merlin_arbitrator.sv
Info: rsp_xbar_mux_001: "nios_system" instantiated altera_merlin_multiplexer "rsp_xbar_mux_001"
Info: Reusing file C:/Lab8_provided/nios_system/synthesis/submodules/altera_merlin_arbitrator.sv
Info: width_adapter: "nios_system" instantiated altera_merlin_width_adapter "width_adapter"
Info: Reusing file C:/Lab8_provided/nios_system/synthesis/submodules/altera_merlin_address_alignment.sv
Info: Reusing file C:/Lab8_provided/nios_system/synthesis/submodules/altera_merlin_burst_uncompressor.sv
Info: crosser: "nios_system" instantiated altera_avalon_st_handshake_clock_crosser "crosser"
Info: Reusing file C:/Lab8_provided/nios_system/synthesis/submodules/altera_avalon_st_pipeline_base.v
Info: irq_mapper: "nios_system" instantiated altera_irq_mapper "irq_mapper"
Info: nios_system: Done nios_system" with 47 modules, 184 files, 3792674 bytes
Info: ip-generate succeeded.
Info: Finished: Create HDL design files for synthesis
