Info: Starting: Create block symbol file (.bsf)
Info: qsys-generate C:\Lab8_provided\lab7_sos.qsys --block-symbol-file --output-directory=C:\Lab8_provided\lab7_sos --family="Cyclone IV E" --part=EP4CE115F29C7
Progress: Loading Lab8_provided/lab7_sos.qsys
Progress: Reading input file
Progress: Adding clk_0 [clock_source 15.1]
Progress: Parameterizing module clk_0
Progress: Adding hw_port [altera_avalon_pio 15.1]
Progress: Parameterizing module hw_port
Progress: Adding hw_sig [altera_avalon_pio 15.1]
Progress: Parameterizing module hw_sig
Progress: Adding jtag_uart_0 [altera_avalon_jtag_uart 15.1]
Progress: Parameterizing module jtag_uart_0
Progress: Adding nios2_qsys_0 [altera_nios2_qsys 15.1]
Progress: Parameterizing module nios2_qsys_0
Progress: Adding onchip_memory2_0 [altera_avalon_onchip_memory2 15.1]
Progress: Parameterizing module onchip_memory2_0
Progress: Adding sdram [altera_avalon_new_sdram_controller 15.1]
Progress: Parameterizing module sdram
Progress: Adding sdram_pll [altpll 15.1]
Progress: Parameterizing module sdram_pll
Progress: Adding sw_port [altera_avalon_pio 15.1]
Progress: Parameterizing module sw_port
Progress: Adding sw_sig [altera_avalon_pio 15.1]
Progress: Parameterizing module sw_sig
Progress: Adding sysid_qsys_0 [altera_avalon_sysid_qsys 15.1]
Progress: Parameterizing module sysid_qsys_0
Progress: Building connections
Progress: Parameterizing connections
Progress: Validating
Progress: Done reading input file
Warning: lab7_sos.nios2_qsys_0: Nios II Classic cores are no longer recommended for new projects
Info: lab7_sos.sw_port: PIO inputs are not hardwired in test bench. Undefined values will be read from PIO inputs during simulation.
Info: lab7_sos.sw_sig: PIO inputs are not hardwired in test bench. Undefined values will be read from PIO inputs during simulation.
Info: lab7_sos.sysid_qsys_0: System ID is not assigned automatically. Edit the System ID parameter to provide a unique ID
Info: lab7_sos.sysid_qsys_0: Time stamp will be automatically updated when this component is generated.
Warning: lab7_sos.hw_port: hw_port.external_connection must be exported, or connected to a matching conduit.
Warning: lab7_sos.hw_sig: hw_sig.external_connection must be exported, or connected to a matching conduit.
Warning: lab7_sos.sdram_pll: sdram_pll.areset_conduit must be exported, or connected to a matching conduit.
Warning: lab7_sos.sdram_pll: sdram_pll.locked_conduit must be exported, or connected to a matching conduit.
Warning: lab7_sos.sdram_pll: sdram_pll.phasedone_conduit must be exported, or connected to a matching conduit.
Warning: lab7_sos.sw_port: sw_port.external_connection must be exported, or connected to a matching conduit.
Warning: lab7_sos.sw_sig: sw_sig.external_connection must be exported, or connected to a matching conduit.
Info: qsys-generate succeeded.
Info: Finished: Create block symbol file (.bsf)
Info: 
Info: Starting: Create HDL design files for synthesis
Info: qsys-generate C:\Lab8_provided\lab7_sos.qsys --synthesis=VERILOG --output-directory=C:\Lab8_provided\lab7_sos\synthesis --family="Cyclone IV E" --part=EP4CE115F29C7
Progress: Loading Lab8_provided/lab7_sos.qsys
Progress: Reading input file
Progress: Adding clk_0 [clock_source 15.1]
Progress: Parameterizing module clk_0
Progress: Adding hw_port [altera_avalon_pio 15.1]
Progress: Parameterizing module hw_port
Progress: Adding hw_sig [altera_avalon_pio 15.1]
Progress: Parameterizing module hw_sig
Progress: Adding jtag_uart_0 [altera_avalon_jtag_uart 15.1]
Progress: Parameterizing module jtag_uart_0
Progress: Adding nios2_qsys_0 [altera_nios2_qsys 15.1]
Progress: Parameterizing module nios2_qsys_0
Progress: Adding onchip_memory2_0 [altera_avalon_onchip_memory2 15.1]
Progress: Parameterizing module onchip_memory2_0
Progress: Adding sdram [altera_avalon_new_sdram_controller 15.1]
Progress: Parameterizing module sdram
Progress: Adding sdram_pll [altpll 15.1]
Progress: Parameterizing module sdram_pll
Progress: Adding sw_port [altera_avalon_pio 15.1]
Progress: Parameterizing module sw_port
Progress: Adding sw_sig [altera_avalon_pio 15.1]
Progress: Parameterizing module sw_sig
Progress: Adding sysid_qsys_0 [altera_avalon_sysid_qsys 15.1]
Progress: Parameterizing module sysid_qsys_0
Progress: Building connections
Progress: Parameterizing connections
Progress: Validating
Progress: Done reading input file
Warning: lab7_sos.nios2_qsys_0: Nios II Classic cores are no longer recommended for new projects
Info: lab7_sos.sw_port: PIO inputs are not hardwired in test bench. Undefined values will be read from PIO inputs during simulation.
Info: lab7_sos.sw_sig: PIO inputs are not hardwired in test bench. Undefined values will be read from PIO inputs during simulation.
Info: lab7_sos.sysid_qsys_0: System ID is not assigned automatically. Edit the System ID parameter to provide a unique ID
Info: lab7_sos.sysid_qsys_0: Time stamp will be automatically updated when this component is generated.
Warning: lab7_sos.hw_port: hw_port.external_connection must be exported, or connected to a matching conduit.
Warning: lab7_sos.hw_sig: hw_sig.external_connection must be exported, or connected to a matching conduit.
Warning: lab7_sos.sdram_pll: sdram_pll.areset_conduit must be exported, or connected to a matching conduit.
Warning: lab7_sos.sdram_pll: sdram_pll.locked_conduit must be exported, or connected to a matching conduit.
Warning: lab7_sos.sdram_pll: sdram_pll.phasedone_conduit must be exported, or connected to a matching conduit.
Warning: lab7_sos.sw_port: sw_port.external_connection must be exported, or connected to a matching conduit.
Warning: lab7_sos.sw_sig: sw_sig.external_connection must be exported, or connected to a matching conduit.
Info: lab7_sos: Generating lab7_sos "lab7_sos" for QUARTUS_SYNTH
Info: Inserting clock-crossing logic between cmd_demux.src5 and cmd_mux_005.sink0
Info: Inserting clock-crossing logic between cmd_demux_001.src4 and cmd_mux_005.sink1
Info: Inserting clock-crossing logic between rsp_demux_005.src0 and rsp_mux.sink5
Info: Inserting clock-crossing logic between rsp_demux_005.src1 and rsp_mux_001.sink4
Info: hw_port: Starting RTL generation for module 'lab7_sos_hw_port'
Info: hw_port:   Generation command is [exec C:/altera_lite/15.1/quartus/bin64/perl/bin/perl.exe -I C:/altera_lite/15.1/quartus/bin64/perl/lib -I C:/altera_lite/15.1/quartus/sopc_builder/bin/europa -I C:/altera_lite/15.1/quartus/sopc_builder/bin/perl_lib -I C:/altera_lite/15.1/quartus/sopc_builder/bin -I C:/altera_lite/15.1/quartus/../ip/altera/sopc_builder_ip/common -I C:/altera_lite/15.1/quartus/../ip/altera/sopc_builder_ip/altera_avalon_pio -- C:/altera_lite/15.1/quartus/../ip/altera/sopc_builder_ip/altera_avalon_pio/generate_rtl.pl --name=lab7_sos_hw_port --dir=C:/Users/adev/AppData/Local/Temp/alt6895_3606210284152335065.dir/0001_hw_port_gen/ --quartus_dir=C:/altera_lite/15.1/quartus --verilog --config=C:/Users/adev/AppData/Local/Temp/alt6895_3606210284152335065.dir/0001_hw_port_gen//lab7_sos_hw_port_component_configuration.pl  --do_build_sim=0  ]
Info: hw_port: Done RTL generation for module 'lab7_sos_hw_port'
Info: hw_port: "lab7_sos" instantiated altera_avalon_pio "hw_port"
Info: hw_sig: Starting RTL generation for module 'lab7_sos_hw_sig'
Info: hw_sig:   Generation command is [exec C:/altera_lite/15.1/quartus/bin64/perl/bin/perl.exe -I C:/altera_lite/15.1/quartus/bin64/perl/lib -I C:/altera_lite/15.1/quartus/sopc_builder/bin/europa -I C:/altera_lite/15.1/quartus/sopc_builder/bin/perl_lib -I C:/altera_lite/15.1/quartus/sopc_builder/bin -I C:/altera_lite/15.1/quartus/../ip/altera/sopc_builder_ip/common -I C:/altera_lite/15.1/quartus/../ip/altera/sopc_builder_ip/altera_avalon_pio -- C:/altera_lite/15.1/quartus/../ip/altera/sopc_builder_ip/altera_avalon_pio/generate_rtl.pl --name=lab7_sos_hw_sig --dir=C:/Users/adev/AppData/Local/Temp/alt6895_3606210284152335065.dir/0002_hw_sig_gen/ --quartus_dir=C:/altera_lite/15.1/quartus --verilog --config=C:/Users/adev/AppData/Local/Temp/alt6895_3606210284152335065.dir/0002_hw_sig_gen//lab7_sos_hw_sig_component_configuration.pl  --do_build_sim=0  ]
Info: hw_sig: Done RTL generation for module 'lab7_sos_hw_sig'
Info: hw_sig: "lab7_sos" instantiated altera_avalon_pio "hw_sig"
Info: jtag_uart_0: Starting RTL generation for module 'lab7_sos_jtag_uart_0'
Info: jtag_uart_0:   Generation command is [exec C:/altera_lite/15.1/quartus/bin64/perl/bin/perl.exe -I C:/altera_lite/15.1/quartus/bin64/perl/lib -I C:/altera_lite/15.1/quartus/sopc_builder/bin/europa -I C:/altera_lite/15.1/quartus/sopc_builder/bin/perl_lib -I C:/altera_lite/15.1/quartus/sopc_builder/bin -I C:/altera_lite/15.1/quartus/../ip/altera/sopc_builder_ip/common -I C:/altera_lite/15.1/quartus/../ip/altera/sopc_builder_ip/altera_avalon_jtag_uart -- C:/altera_lite/15.1/quartus/../ip/altera/sopc_builder_ip/altera_avalon_jtag_uart/generate_rtl.pl --name=lab7_sos_jtag_uart_0 --dir=C:/Users/adev/AppData/Local/Temp/alt6895_3606210284152335065.dir/0003_jtag_uart_0_gen/ --quartus_dir=C:/altera_lite/15.1/quartus --verilog --config=C:/Users/adev/AppData/Local/Temp/alt6895_3606210284152335065.dir/0003_jtag_uart_0_gen//lab7_sos_jtag_uart_0_component_configuration.pl  --do_build_sim=0  ]
Info: jtag_uart_0: Done RTL generation for module 'lab7_sos_jtag_uart_0'
Info: jtag_uart_0: "lab7_sos" instantiated altera_avalon_jtag_uart "jtag_uart_0"
Info: nios2_qsys_0: Starting RTL generation for module 'lab7_sos_nios2_qsys_0'
Info: nios2_qsys_0:   Generation command is [exec C:/altera_lite/15.1/quartus/bin64/eperlcmd.exe -I C:/altera_lite/15.1/quartus/bin64/perl/lib -I C:/altera_lite/15.1/quartus/sopc_builder/bin/europa -I C:/altera_lite/15.1/quartus/sopc_builder/bin/perl_lib -I C:/altera_lite/15.1/quartus/sopc_builder/bin -I C:/altera_lite/15.1/quartus/../ip/altera/nios2_ip/altera_nios2/cpu_lib -I C:/altera_lite/15.1/quartus/../ip/altera/nios2_ip/altera_nios2/nios_lib -I C:/altera_lite/15.1/quartus/../ip/altera/nios2_ip/altera_nios2 -I C:/altera_lite/15.1/quartus/../ip/altera/nios2_ip/altera_nios2 -- C:/altera_lite/15.1/quartus/../ip/altera/nios2_ip/altera_nios2/generate_rtl.epl --name=lab7_sos_nios2_qsys_0 --dir=C:/Users/adev/AppData/Local/Temp/alt6895_3606210284152335065.dir/0004_nios2_qsys_0_gen/ --quartus_bindir=C:/altera_lite/15.1/quartus/bin64 --verilog --config=C:/Users/adev/AppData/Local/Temp/alt6895_3606210284152335065.dir/0004_nios2_qsys_0_gen//lab7_sos_nios2_qsys_0_processor_configuration.pl  --do_build_sim=0  ]
Info: nios2_qsys_0: # 2016.04.04 13:22:36 (*) Starting Nios II generation
Info: nios2_qsys_0: # 2016.04.04 13:22:36 (*)   Checking for plaintext license.
Info: nios2_qsys_0: # 2016.04.04 13:22:41 (*)   Couldn't query license setup in Quartus directory C:/altera_lite/15.1/quartus/bin64
Info: nios2_qsys_0: # 2016.04.04 13:22:41 (*)   Defaulting to contents of LM_LICENSE_FILE environment variable
Info: nios2_qsys_0: # 2016.04.04 13:22:41 (*)   LM_LICENSE_FILE environment variable is empty
Info: nios2_qsys_0: # 2016.04.04 13:22:41 (*)   Plaintext license not found.
Info: nios2_qsys_0: # 2016.04.04 13:22:41 (*)   No license required to generate encrypted Nios II/e.
Info: nios2_qsys_0: # 2016.04.04 13:22:41 (*)   Elaborating CPU configuration settings
Info: nios2_qsys_0: # 2016.04.04 13:22:41 (*)   Creating all objects for CPU
Info: nios2_qsys_0: # 2016.04.04 13:22:42 (*)   Generating RTL from CPU objects
Info: nios2_qsys_0: # 2016.04.04 13:22:42 (*)   Creating plain-text RTL
Info: nios2_qsys_0: # 2016.04.04 13:22:44 (*) Done Nios II generation
Info: nios2_qsys_0: Done RTL generation for module 'lab7_sos_nios2_qsys_0'
Info: nios2_qsys_0: "lab7_sos" instantiated altera_nios2_qsys "nios2_qsys_0"
Info: onchip_memory2_0: Starting RTL generation for module 'lab7_sos_onchip_memory2_0'
Info: onchip_memory2_0:   Generation command is [exec C:/altera_lite/15.1/quartus/bin64/perl/bin/perl.exe -I C:/altera_lite/15.1/quartus/bin64/perl/lib -I C:/altera_lite/15.1/quartus/sopc_builder/bin/europa -I C:/altera_lite/15.1/quartus/sopc_builder/bin/perl_lib -I C:/altera_lite/15.1/quartus/sopc_builder/bin -I C:/altera_lite/15.1/quartus/../ip/altera/sopc_builder_ip/common -I C:/altera_lite/15.1/quartus/../ip/altera/sopc_builder_ip/altera_avalon_onchip_memory2 -- C:/altera_lite/15.1/quartus/../ip/altera/sopc_builder_ip/altera_avalon_onchip_memory2/generate_rtl.pl --name=lab7_sos_onchip_memory2_0 --dir=C:/Users/adev/AppData/Local/Temp/alt6895_3606210284152335065.dir/0005_onchip_memory2_0_gen/ --quartus_dir=C:/altera_lite/15.1/quartus --verilog --config=C:/Users/adev/AppData/Local/Temp/alt6895_3606210284152335065.dir/0005_onchip_memory2_0_gen//lab7_sos_onchip_memory2_0_component_configuration.pl  --do_build_sim=0  ]
Info: onchip_memory2_0: Done RTL generation for module 'lab7_sos_onchip_memory2_0'
Info: onchip_memory2_0: "lab7_sos" instantiated altera_avalon_onchip_memory2 "onchip_memory2_0"
Info: sdram: Starting RTL generation for module 'lab7_sos_sdram'
Info: sdram:   Generation command is [exec C:/altera_lite/15.1/quartus/bin64/perl/bin/perl.exe -I C:/altera_lite/15.1/quartus/bin64/perl/lib -I C:/altera_lite/15.1/quartus/sopc_builder/bin/europa -I C:/altera_lite/15.1/quartus/sopc_builder/bin/perl_lib -I C:/altera_lite/15.1/quartus/sopc_builder/bin -I C:/altera_lite/15.1/quartus/../ip/altera/sopc_builder_ip/common -I C:/altera_lite/15.1/quartus/../ip/altera/sopc_builder_ip/altera_avalon_new_sdram_controller -- C:/altera_lite/15.1/quartus/../ip/altera/sopc_builder_ip/altera_avalon_new_sdram_controller/generate_rtl.pl --name=lab7_sos_sdram --dir=C:/Users/adev/AppData/Local/Temp/alt6895_3606210284152335065.dir/0006_sdram_gen/ --quartus_dir=C:/altera_lite/15.1/quartus --verilog --config=C:/Users/adev/AppData/Local/Temp/alt6895_3606210284152335065.dir/0006_sdram_gen//lab7_sos_sdram_component_configuration.pl  --do_build_sim=0  ]
Info: sdram: Done RTL generation for module 'lab7_sos_sdram'
Info: sdram: "lab7_sos" instantiated altera_avalon_new_sdram_controller "sdram"
Info: sdram_pll: "lab7_sos" instantiated altpll "sdram_pll"
Info: sw_port: Starting RTL generation for module 'lab7_sos_sw_port'
Info: sw_port:   Generation command is [exec C:/altera_lite/15.1/quartus/bin64/perl/bin/perl.exe -I C:/altera_lite/15.1/quartus/bin64/perl/lib -I C:/altera_lite/15.1/quartus/sopc_builder/bin/europa -I C:/altera_lite/15.1/quartus/sopc_builder/bin/perl_lib -I C:/altera_lite/15.1/quartus/sopc_builder/bin -I C:/altera_lite/15.1/quartus/../ip/altera/sopc_builder_ip/common -I C:/altera_lite/15.1/quartus/../ip/altera/sopc_builder_ip/altera_avalon_pio -- C:/altera_lite/15.1/quartus/../ip/altera/sopc_builder_ip/altera_avalon_pio/generate_rtl.pl --name=lab7_sos_sw_port --dir=C:/Users/adev/AppData/Local/Temp/alt6895_3606210284152335065.dir/0009_sw_port_gen/ --quartus_dir=C:/altera_lite/15.1/quartus --verilog --config=C:/Users/adev/AppData/Local/Temp/alt6895_3606210284152335065.dir/0009_sw_port_gen//lab7_sos_sw_port_component_configuration.pl  --do_build_sim=0  ]
Info: sw_port: Done RTL generation for module 'lab7_sos_sw_port'
Info: sw_port: "lab7_sos" instantiated altera_avalon_pio "sw_port"
Info: sw_sig: Starting RTL generation for module 'lab7_sos_sw_sig'
Info: sw_sig:   Generation command is [exec C:/altera_lite/15.1/quartus/bin64/perl/bin/perl.exe -I C:/altera_lite/15.1/quartus/bin64/perl/lib -I C:/altera_lite/15.1/quartus/sopc_builder/bin/europa -I C:/altera_lite/15.1/quartus/sopc_builder/bin/perl_lib -I C:/altera_lite/15.1/quartus/sopc_builder/bin -I C:/altera_lite/15.1/quartus/../ip/altera/sopc_builder_ip/common -I C:/altera_lite/15.1/quartus/../ip/altera/sopc_builder_ip/altera_avalon_pio -- C:/altera_lite/15.1/quartus/../ip/altera/sopc_builder_ip/altera_avalon_pio/generate_rtl.pl --name=lab7_sos_sw_sig --dir=C:/Users/adev/AppData/Local/Temp/alt6895_3606210284152335065.dir/0010_sw_sig_gen/ --quartus_dir=C:/altera_lite/15.1/quartus --verilog --config=C:/Users/adev/AppData/Local/Temp/alt6895_3606210284152335065.dir/0010_sw_sig_gen//lab7_sos_sw_sig_component_configuration.pl  --do_build_sim=0  ]
Info: sw_sig: Done RTL generation for module 'lab7_sos_sw_sig'
Info: sw_sig: "lab7_sos" instantiated altera_avalon_pio "sw_sig"
Info: sysid_qsys_0: "lab7_sos" instantiated altera_avalon_sysid_qsys "sysid_qsys_0"
Info: avalon_st_adapter: Inserting error_adapter: error_adapter_0
Info: avalon_st_adapter_001: Inserting error_adapter: error_adapter_0
Info: avalon_st_adapter_002: Inserting error_adapter: error_adapter_0
Info: avalon_st_adapter_003: Inserting error_adapter: error_adapter_0
Info: avalon_st_adapter_004: Inserting error_adapter: error_adapter_0
Info: avalon_st_adapter_005: Inserting error_adapter: error_adapter_0
Info: avalon_st_adapter_006: Inserting error_adapter: error_adapter_0
Info: avalon_st_adapter_007: Inserting error_adapter: error_adapter_0
Info: avalon_st_adapter_008: Inserting error_adapter: error_adapter_0
Info: avalon_st_adapter_009: Inserting error_adapter: error_adapter_0
Info: mm_interconnect_0: "lab7_sos" instantiated altera_mm_interconnect "mm_interconnect_0"
Info: irq_mapper: "lab7_sos" instantiated altera_irq_mapper "irq_mapper"
Info: rst_controller: "lab7_sos" instantiated altera_reset_controller "rst_controller"
Info: nios2_qsys_0_data_master_translator: "mm_interconnect_0" instantiated altera_merlin_master_translator "nios2_qsys_0_data_master_translator"
Info: jtag_uart_0_avalon_jtag_slave_translator: "mm_interconnect_0" instantiated altera_merlin_slave_translator "jtag_uart_0_avalon_jtag_slave_translator"
Info: nios2_qsys_0_data_master_agent: "mm_interconnect_0" instantiated altera_merlin_master_agent "nios2_qsys_0_data_master_agent"
Info: jtag_uart_0_avalon_jtag_slave_agent: "mm_interconnect_0" instantiated altera_merlin_slave_agent "jtag_uart_0_avalon_jtag_slave_agent"
Info: jtag_uart_0_avalon_jtag_slave_agent_rsp_fifo: "mm_interconnect_0" instantiated altera_avalon_sc_fifo "jtag_uart_0_avalon_jtag_slave_agent_rsp_fifo"
Info: router: "mm_interconnect_0" instantiated altera_merlin_router "router"
Info: router_001: "mm_interconnect_0" instantiated altera_merlin_router "router_001"
Info: router_002: "mm_interconnect_0" instantiated altera_merlin_router "router_002"
Info: router_003: "mm_interconnect_0" instantiated altera_merlin_router "router_003"
Info: cmd_demux: "mm_interconnect_0" instantiated altera_merlin_demultiplexer "cmd_demux"
Info: cmd_demux_001: "mm_interconnect_0" instantiated altera_merlin_demultiplexer "cmd_demux_001"
Info: cmd_mux: "mm_interconnect_0" instantiated altera_merlin_multiplexer "cmd_mux"
Info: cmd_mux_001: "mm_interconnect_0" instantiated altera_merlin_multiplexer "cmd_mux_001"
Info: Reusing file C:/Lab8_provided/lab7_sos/synthesis/submodules/altera_merlin_arbitrator.sv
Info: rsp_demux: "mm_interconnect_0" instantiated altera_merlin_demultiplexer "rsp_demux"
Info: rsp_demux_001: "mm_interconnect_0" instantiated altera_merlin_demultiplexer "rsp_demux_001"
Info: rsp_mux: "mm_interconnect_0" instantiated altera_merlin_multiplexer "rsp_mux"
Info: Reusing file C:/Lab8_provided/lab7_sos/synthesis/submodules/altera_merlin_arbitrator.sv
Info: rsp_mux_001: "mm_interconnect_0" instantiated altera_merlin_multiplexer "rsp_mux_001"
Info: Reusing file C:/Lab8_provided/lab7_sos/synthesis/submodules/altera_merlin_arbitrator.sv
Info: crosser: "mm_interconnect_0" instantiated altera_avalon_st_handshake_clock_crosser "crosser"
Info: avalon_st_adapter: "mm_interconnect_0" instantiated altera_avalon_st_adapter "avalon_st_adapter"
Info: error_adapter_0: "avalon_st_adapter" instantiated error_adapter "error_adapter_0"
Info: lab7_sos: Done "lab7_sos" with 34 modules, 52 files
Info: qsys-generate succeeded.
Info: Finished: Create HDL design files for synthesis
